[debug] [2022-11-30T11:29:37.846Z] ----------------------------------------------------------------------
[debug] [2022-11-30T11:29:37.857Z] Command:       C:\Program Files\nodejs\node.exe C:\Users\ebrah\AppData\Roaming\npm\node_modules\firebase-tools\lib\bin\firebase.js deploy
[debug] [2022-11-30T11:29:37.858Z] CLI Version:   11.16.1
[debug] [2022-11-30T11:29:37.859Z] Platform:      win32
[debug] [2022-11-30T11:29:37.859Z] Node Version:  v19.0.1
[debug] [2022-11-30T11:29:37.859Z] Time:          Wed Nov 30 2022 17:29:37 GMT+0600 (Bangladesh Standard Time)
[debug] [2022-11-30T11:29:37.860Z] ----------------------------------------------------------------------
[debug] 
[debug] [2022-11-30T11:29:38.151Z] > command requires scopes: ["email","openid","https://www.googleapis.com/auth/cloudplatformprojects.readonly","https://www.googleapis.com/auth/firebase","https://www.googleapis.com/auth/cloud-platform"]
[debug] [2022-11-30T11:29:38.152Z] > authorizing via signed-in user (kminhaz111@gmail.com)
[debug] [2022-11-30T11:29:38.152Z] [iam] checking project car-club-dd6ad for permissions ["firebase.projects.get","firebasehosting.sites.update"]
[debug] [2022-11-30T11:29:38.155Z] >>> [apiv2][query] POST https://cloudresourcemanager.googleapis.com/v1/projects/car-club-dd6ad:testIamPermissions [none]
[debug] [2022-11-30T11:29:38.156Z] >>> [apiv2][(partial)header] POST https://cloudresourcemanager.googleapis.com/v1/projects/car-club-dd6ad:testIamPermissions x-goog-quota-user=projects/car-club-dd6ad
[debug] [2022-11-30T11:29:38.156Z] >>> [apiv2][body] POST https://cloudresourcemanager.googleapis.com/v1/projects/car-club-dd6ad:testIamPermissions {"permissions":["firebase.projects.get","firebasehosting.sites.update"]}
[debug] [2022-11-30T11:29:38.300Z] [iam] error while checking permissions, command may fail: FirebaseError: Failed to make request to https://cloudresourcemanager.googleapis.com/v1/projects/car-club-dd6ad:testIamPermissions
[debug] [2022-11-30T11:29:38.301Z] >>> [apiv2][query] GET https://firebase.googleapis.com/v1beta1/projects/car-club-dd6ad [none]
[debug] [2022-11-30T11:29:38.342Z] Failed to make request to https://firebase.googleapis.com/v1beta1/projects/car-club-dd6ad
[debug] [2022-11-30T11:29:38.344Z] FirebaseError: Failed to make request to https://firebase.googleapis.com/v1beta1/projects/car-club-dd6ad
    at RetryOperation._fn (C:\Users\ebrah\AppData\Roaming\npm\node_modules\firebase-tools\lib\apiv2.js:242:31)
    at process.processTicksAndRejections (node:internal/process/task_queues:95:5)
[error] 
[error] Error: Failed to get Firebase project car-club-dd6ad. Please make sure the project exists and your account has permission to access it.
